{"uid":"1cb30db3f641d17","name":"Clicking Promocode Link In Round Ellipses Section opens Best Promocode Page","fullName":"tests.HomePageOtherSectionsTest.ClickingPromocodeLinkInRoundEllipsesSectionNavigateToPromocodePage","historyId":"50b53c11973e0352843b1fa85755b00d","time":{"start":1752775729609,"stop":1752775729922,"duration":313},"description":"Verify that Promocode Link In Round Ellipses Section changes on hover and opens the correct Page","descriptionHtml":"<p>Verify that Promocode Link In Round Ellipses Section changes on hover and opens the correct Page</p>\n","status":"failed","statusMessage":"Text-decoration should change on hover did not expect [underline solid rgb(64, 243, 247)] but found [underline solid rgb(64, 243, 247)]","statusTrace":"java.lang.AssertionError: Text-decoration should change on hover did not expect [underline solid rgb(64, 243, 247)] but found [underline solid rgb(64, 243, 247)]\n\tat org.testng.Assert.fail(Assert.java:111)\n\tat org.testng.Assert.failEquals(Assert.java:1582)\n\tat org.testng.Assert.assertNotEqualsImpl(Assert.java:157)\n\tat org.testng.Assert.assertNotEquals(Assert.java:2201)\n\tat pages.HomePage.verifyPromocodeLinkInRoundEllipsesSectionChangesOnHover(HomePage.java:150)\n\tat tests.HomePageOtherSectionsTest.ClickingPromocodeLinkInRoundEllipsesSectionNavigateToPromocodePage(HomePageOtherSectionsTest.java:63)\n\tat java.base/jdk.internal.reflect.NativeMethodAccessorImpl.invoke0(Native Method)\n\tat java.base/jdk.internal.reflect.NativeMethodAccessorImpl.invoke(NativeMethodAccessorImpl.java:77)\n\tat java.base/jdk.internal.reflect.DelegatingMethodAccessorImpl.invoke(DelegatingMethodAccessorImpl.java:43)\n\tat java.base/java.lang.reflect.Method.invoke(Method.java:569)\n\tat org.testng.internal.invokers.MethodInvocationHelper.invokeMethod(MethodInvocationHelper.java:139)\n\tat org.testng.internal.invokers.TestInvoker.invokeMethod(TestInvoker.java:664)\n\tat org.testng.internal.invokers.TestInvoker.invokeTestMethod(TestInvoker.java:228)\n\tat org.testng.internal.invokers.MethodRunner.runInSequence(MethodRunner.java:63)\n\tat org.testng.internal.invokers.TestInvoker$MethodInvocationAgent.invoke(TestInvoker.java:961)\n\tat org.testng.internal.invokers.TestInvoker.invokeTestMethods(TestInvoker.java:201)\n\tat org.testng.internal.invokers.TestMethodWorker.invokeTestMethods(TestMethodWorker.java:148)\n\tat org.testng.internal.invokers.TestMethodWorker.run(TestMethodWorker.java:128)\n\tat java.base/java.util.concurrent.Executors$RunnableAdapter.call(Executors.java:539)\n\tat java.base/java.util.concurrent.FutureTask.run(FutureTask.java:264)\n\tat org.testng.internal.thread.graph.TestNGFutureTask.run(TestNGFutureTask.java:22)\n\tat java.base/java.util.concurrent.ThreadPoolExecutor.runWorker(ThreadPoolExecutor.java:1136)\n\tat java.base/java.util.concurrent.ThreadPoolExecutor$Worker.run(ThreadPoolExecutor.java:635)\n\tat java.base/java.lang.Thread.run(Thread.java:840)\n","flaky":false,"newFailed":false,"newBroken":false,"newPassed":false,"retriesCount":0,"retriesStatusChange":false,"beforeStages":[{"name":"setUp","time":{"start":1752775724578,"stop":1752775729608,"duration":5030},"description":"","status":"passed","steps":[],"attachments":[],"parameters":[],"shouldDisplayMessage":false,"stepsCount":0,"attachmentsCount":0,"hasContent":false}],"testStage":{"description":"Verify that Promocode Link In Round Ellipses Section changes on hover and opens the correct Page","status":"failed","statusMessage":"Text-decoration should change on hover did not expect [underline solid rgb(64, 243, 247)] but found [underline solid rgb(64, 243, 247)]","statusTrace":"java.lang.AssertionError: Text-decoration should change on hover did not expect [underline solid rgb(64, 243, 247)] but found [underline solid rgb(64, 243, 247)]\n\tat org.testng.Assert.fail(Assert.java:111)\n\tat org.testng.Assert.failEquals(Assert.java:1582)\n\tat org.testng.Assert.assertNotEqualsImpl(Assert.java:157)\n\tat org.testng.Assert.assertNotEquals(Assert.java:2201)\n\tat pages.HomePage.verifyPromocodeLinkInRoundEllipsesSectionChangesOnHover(HomePage.java:150)\n\tat tests.HomePageOtherSectionsTest.ClickingPromocodeLinkInRoundEllipsesSectionNavigateToPromocodePage(HomePageOtherSectionsTest.java:63)\n\tat java.base/jdk.internal.reflect.NativeMethodAccessorImpl.invoke0(Native Method)\n\tat java.base/jdk.internal.reflect.NativeMethodAccessorImpl.invoke(NativeMethodAccessorImpl.java:77)\n\tat java.base/jdk.internal.reflect.DelegatingMethodAccessorImpl.invoke(DelegatingMethodAccessorImpl.java:43)\n\tat java.base/java.lang.reflect.Method.invoke(Method.java:569)\n\tat org.testng.internal.invokers.MethodInvocationHelper.invokeMethod(MethodInvocationHelper.java:139)\n\tat org.testng.internal.invokers.TestInvoker.invokeMethod(TestInvoker.java:664)\n\tat org.testng.internal.invokers.TestInvoker.invokeTestMethod(TestInvoker.java:228)\n\tat org.testng.internal.invokers.MethodRunner.runInSequence(MethodRunner.java:63)\n\tat org.testng.internal.invokers.TestInvoker$MethodInvocationAgent.invoke(TestInvoker.java:961)\n\tat org.testng.internal.invokers.TestInvoker.invokeTestMethods(TestInvoker.java:201)\n\tat org.testng.internal.invokers.TestMethodWorker.invokeTestMethods(TestMethodWorker.java:148)\n\tat org.testng.internal.invokers.TestMethodWorker.run(TestMethodWorker.java:128)\n\tat java.base/java.util.concurrent.Executors$RunnableAdapter.call(Executors.java:539)\n\tat java.base/java.util.concurrent.FutureTask.run(FutureTask.java:264)\n\tat org.testng.internal.thread.graph.TestNGFutureTask.run(TestNGFutureTask.java:22)\n\tat java.base/java.util.concurrent.ThreadPoolExecutor.runWorker(ThreadPoolExecutor.java:1136)\n\tat java.base/java.util.concurrent.ThreadPoolExecutor$Worker.run(ThreadPoolExecutor.java:635)\n\tat java.base/java.lang.Thread.run(Thread.java:840)\n","steps":[{"name":"Verify Promocode Link in Round Ellipses Section changes on hover","time":{"start":1752775729610,"stop":1752775729917,"duration":307},"status":"failed","statusMessage":"Text-decoration should change on hover did not expect [underline solid rgb(64, 243, 247)] but found [underline solid rgb(64, 243, 247)]","statusTrace":"java.lang.AssertionError: Text-decoration should change on hover did not expect [underline solid rgb(64, 243, 247)] but found [underline solid rgb(64, 243, 247)]\n\tat org.testng.Assert.fail(Assert.java:111)\n\tat org.testng.Assert.failEquals(Assert.java:1582)\n\tat org.testng.Assert.assertNotEqualsImpl(Assert.java:157)\n\tat org.testng.Assert.assertNotEquals(Assert.java:2201)\n\tat pages.HomePage.verifyPromocodeLinkInRoundEllipsesSectionChangesOnHover(HomePage.java:150)\n\tat tests.HomePageOtherSectionsTest.ClickingPromocodeLinkInRoundEllipsesSectionNavigateToPromocodePage(HomePageOtherSectionsTest.java:63)\n\tat java.base/jdk.internal.reflect.NativeMethodAccessorImpl.invoke0(Native Method)\n\tat java.base/jdk.internal.reflect.NativeMethodAccessorImpl.invoke(NativeMethodAccessorImpl.java:77)\n\tat java.base/jdk.internal.reflect.DelegatingMethodAccessorImpl.invoke(DelegatingMethodAccessorImpl.java:43)\n\tat java.base/java.lang.reflect.Method.invoke(Method.java:569)\n\tat org.testng.internal.invokers.MethodInvocationHelper.invokeMethod(MethodInvocationHelper.java:139)\n\tat org.testng.internal.invokers.TestInvoker.invokeMethod(TestInvoker.java:664)\n\tat org.testng.internal.invokers.TestInvoker.invokeTestMethod(TestInvoker.java:228)\n\tat org.testng.internal.invokers.MethodRunner.runInSequence(MethodRunner.java:63)\n\tat org.testng.internal.invokers.TestInvoker$MethodInvocationAgent.invoke(TestInvoker.java:961)\n\tat org.testng.internal.invokers.TestInvoker.invokeTestMethods(TestInvoker.java:201)\n\tat org.testng.internal.invokers.TestMethodWorker.invokeTestMethods(TestMethodWorker.java:148)\n\tat org.testng.internal.invokers.TestMethodWorker.run(TestMethodWorker.java:128)\n\tat java.base/java.util.concurrent.Executors$RunnableAdapter.call(Executors.java:539)\n\tat java.base/java.util.concurrent.FutureTask.run(FutureTask.java:264)\n\tat org.testng.internal.thread.graph.TestNGFutureTask.run(TestNGFutureTask.java:22)\n\tat java.base/java.util.concurrent.ThreadPoolExecutor.runWorker(ThreadPoolExecutor.java:1136)\n\tat java.base/java.util.concurrent.ThreadPoolExecutor$Worker.run(ThreadPoolExecutor.java:635)\n\tat java.base/java.lang.Thread.run(Thread.java:840)\n","steps":[],"attachments":[],"parameters":[],"shouldDisplayMessage":true,"stepsCount":0,"attachmentsCount":0,"hasContent":true}],"attachments":[],"parameters":[],"shouldDisplayMessage":false,"stepsCount":1,"attachmentsCount":0,"hasContent":true},"afterStages":[{"name":"tearDown","time":{"start":1752775729923,"stop":1752775730426,"duration":503},"description":"","status":"passed","steps":[],"attachments":[{"uid":"f314f79348b2249a","name":"Screenshot on Failure","source":"f314f79348b2249a.png","type":"image/png","size":926328}],"parameters":[],"shouldDisplayMessage":false,"stepsCount":0,"attachmentsCount":1,"hasContent":true}],"labels":[{"name":"package","value":"tests.HomePageOtherSectionsTest"},{"name":"testClass","value":"tests.HomePageOtherSectionsTest"},{"name":"testMethod","value":"ClickingPromocodeLinkInRoundEllipsesSectionNavigateToPromocodePage"},{"name":"parentSuite","value":"SequentialSuite"},{"name":"suite","value":"Functional Tests"},{"name":"subSuite","value":"tests.HomePageOtherSectionsTest"},{"name":"host","value":"pkrvmq0rgcvqdmg"},{"name":"thread","value":"2211@pkrvmq0rgcvqdmg.TestNG-test-Functional Tests-1(20)"},{"name":"framework","value":"testng"},{"name":"language","value":"java"},{"name":"story","value":"Navigation In Round Ellipses Section"},{"name":"feature","value":"Other Home Page Tests"},{"name":"epic","value":"Home Page"},{"name":"resultFormat","value":"allure2"}],"parameters":[],"links":[],"hidden":false,"retry":false,"extra":{"severity":"normal","retries":[],"categories":[{"name":"Product defects","matchedStatuses":[],"flaky":false}],"tags":[]},"source":"1cb30db3f641d17.json","parameterValues":[]}