{"uid":"68fad761e688719a","name":"Clicking SearchField and then Search Button In Search Section Navigate To Search Results Page","fullName":"tests.HomePageOtherSectionsTest.clickingSearchFieldAndButtonInSearchSectionNavigateToSearchResultsPage","historyId":"1b0253ecc7199ec5492fe7a9943d6664","time":{"start":1753090917092,"stop":1753090917528,"duration":436},"description":"Verify that clicking Search Field and then Search Button In Search Section Navigate To Search Results Page","descriptionHtml":"<p>Verify that clicking Search Field and then Search Button In Search Section Navigate To Search Results Page</p>\n","status":"failed","statusMessage":"expected [https://3snet.co/?s=] but found [https://3snet.co/]","statusTrace":"java.lang.AssertionError: expected [https://3snet.co/?s=] but found [https://3snet.co/]\n\tat org.testng.Assert.fail(Assert.java:111)\n\tat org.testng.Assert.failNotEquals(Assert.java:1578)\n\tat org.testng.Assert.assertEqualsImpl(Assert.java:150)\n\tat org.testng.Assert.assertEquals(Assert.java:132)\n\tat org.testng.Assert.assertEquals(Assert.java:656)\n\tat org.testng.Assert.assertEquals(Assert.java:666)\n\tat pages.SearchResultsPage.verifySearchResultsPageIsOpen(SearchResultsPage.java:19)\n\tat tests.HomePageOtherSectionsTest.clickingSearchFieldAndButtonInSearchSectionNavigateToSearchResultsPage(HomePageOtherSectionsTest.java:94)\n\tat java.base/jdk.internal.reflect.NativeMethodAccessorImpl.invoke0(Native Method)\n\tat java.base/jdk.internal.reflect.NativeMethodAccessorImpl.invoke(NativeMethodAccessorImpl.java:77)\n\tat java.base/jdk.internal.reflect.DelegatingMethodAccessorImpl.invoke(DelegatingMethodAccessorImpl.java:43)\n\tat java.base/java.lang.reflect.Method.invoke(Method.java:569)\n\tat org.testng.internal.invokers.MethodInvocationHelper.invokeMethod(MethodInvocationHelper.java:139)\n\tat org.testng.internal.invokers.TestInvoker.invokeMethod(TestInvoker.java:664)\n\tat org.testng.internal.invokers.TestInvoker.invokeTestMethod(TestInvoker.java:228)\n\tat org.testng.internal.invokers.MethodRunner.runInSequence(MethodRunner.java:63)\n\tat org.testng.internal.invokers.TestInvoker$MethodInvocationAgent.invoke(TestInvoker.java:961)\n\tat org.testng.internal.invokers.TestInvoker.invokeTestMethods(TestInvoker.java:201)\n\tat org.testng.internal.invokers.TestMethodWorker.invokeTestMethods(TestMethodWorker.java:148)\n\tat org.testng.internal.invokers.TestMethodWorker.run(TestMethodWorker.java:128)\n\tat java.base/java.util.concurrent.Executors$RunnableAdapter.call(Executors.java:539)\n\tat java.base/java.util.concurrent.FutureTask.run(FutureTask.java:264)\n\tat org.testng.internal.thread.graph.TestNGFutureTask.run(TestNGFutureTask.java:22)\n\tat java.base/java.util.concurrent.ThreadPoolExecutor.runWorker(ThreadPoolExecutor.java:1136)\n\tat java.base/java.util.concurrent.ThreadPoolExecutor$Worker.run(ThreadPoolExecutor.java:635)\n\tat java.base/java.lang.Thread.run(Thread.java:840)\n","flaky":false,"newFailed":false,"newBroken":false,"newPassed":false,"retriesCount":0,"retriesStatusChange":false,"beforeStages":[{"name":"setUp","time":{"start":1753090911873,"stop":1753090917090,"duration":5217},"description":"","status":"passed","steps":[],"attachments":[],"parameters":[],"shouldDisplayMessage":false,"stepsCount":0,"attachmentsCount":0,"hasContent":false}],"testStage":{"description":"Verify that clicking Search Field and then Search Button In Search Section Navigate To Search Results Page","status":"failed","statusMessage":"expected [https://3snet.co/?s=] but found [https://3snet.co/]","statusTrace":"java.lang.AssertionError: expected [https://3snet.co/?s=] but found [https://3snet.co/]\n\tat org.testng.Assert.fail(Assert.java:111)\n\tat org.testng.Assert.failNotEquals(Assert.java:1578)\n\tat org.testng.Assert.assertEqualsImpl(Assert.java:150)\n\tat org.testng.Assert.assertEquals(Assert.java:132)\n\tat org.testng.Assert.assertEquals(Assert.java:656)\n\tat org.testng.Assert.assertEquals(Assert.java:666)\n\tat pages.SearchResultsPage.verifySearchResultsPageIsOpen(SearchResultsPage.java:19)\n\tat tests.HomePageOtherSectionsTest.clickingSearchFieldAndButtonInSearchSectionNavigateToSearchResultsPage(HomePageOtherSectionsTest.java:94)\n\tat java.base/jdk.internal.reflect.NativeMethodAccessorImpl.invoke0(Native Method)\n\tat java.base/jdk.internal.reflect.NativeMethodAccessorImpl.invoke(NativeMethodAccessorImpl.java:77)\n\tat java.base/jdk.internal.reflect.DelegatingMethodAccessorImpl.invoke(DelegatingMethodAccessorImpl.java:43)\n\tat java.base/java.lang.reflect.Method.invoke(Method.java:569)\n\tat org.testng.internal.invokers.MethodInvocationHelper.invokeMethod(MethodInvocationHelper.java:139)\n\tat org.testng.internal.invokers.TestInvoker.invokeMethod(TestInvoker.java:664)\n\tat org.testng.internal.invokers.TestInvoker.invokeTestMethod(TestInvoker.java:228)\n\tat org.testng.internal.invokers.MethodRunner.runInSequence(MethodRunner.java:63)\n\tat org.testng.internal.invokers.TestInvoker$MethodInvocationAgent.invoke(TestInvoker.java:961)\n\tat org.testng.internal.invokers.TestInvoker.invokeTestMethods(TestInvoker.java:201)\n\tat org.testng.internal.invokers.TestMethodWorker.invokeTestMethods(TestMethodWorker.java:148)\n\tat org.testng.internal.invokers.TestMethodWorker.run(TestMethodWorker.java:128)\n\tat java.base/java.util.concurrent.Executors$RunnableAdapter.call(Executors.java:539)\n\tat java.base/java.util.concurrent.FutureTask.run(FutureTask.java:264)\n\tat org.testng.internal.thread.graph.TestNGFutureTask.run(TestNGFutureTask.java:22)\n\tat java.base/java.util.concurrent.ThreadPoolExecutor.runWorker(ThreadPoolExecutor.java:1136)\n\tat java.base/java.util.concurrent.ThreadPoolExecutor$Worker.run(ThreadPoolExecutor.java:635)\n\tat java.base/java.lang.Thread.run(Thread.java:840)\n","steps":[{"name":"Click Input Field in Search Section","time":{"start":1753090917093,"stop":1753090917335,"duration":242},"status":"passed","steps":[],"attachments":[],"parameters":[],"shouldDisplayMessage":false,"stepsCount":0,"attachmentsCount":0,"hasContent":false},{"name":"Click Submit Button in Search Section","time":{"start":1753090917335,"stop":1753090917523,"duration":188},"status":"passed","steps":[],"attachments":[],"parameters":[],"shouldDisplayMessage":false,"stepsCount":0,"attachmentsCount":0,"hasContent":false}],"attachments":[],"parameters":[],"shouldDisplayMessage":true,"stepsCount":2,"attachmentsCount":0,"hasContent":true},"afterStages":[{"name":"tearDown","time":{"start":1753090917528,"stop":1753090919030,"duration":1502},"description":"","status":"passed","steps":[],"attachments":[{"uid":"ac2b999376d5bf8d","name":"Screenshot on Failure","source":"ac2b999376d5bf8d.png","type":"image/png","size":1014229}],"parameters":[],"shouldDisplayMessage":false,"stepsCount":0,"attachmentsCount":1,"hasContent":true}],"labels":[{"name":"package","value":"tests.HomePageOtherSectionsTest"},{"name":"testClass","value":"tests.HomePageOtherSectionsTest"},{"name":"testMethod","value":"clickingSearchFieldAndButtonInSearchSectionNavigateToSearchResultsPage"},{"name":"parentSuite","value":"SequentialSuite"},{"name":"suite","value":"Functional Tests"},{"name":"subSuite","value":"tests.HomePageOtherSectionsTest"},{"name":"host","value":"pkrvmq0rgcvqdmg"},{"name":"thread","value":"2270@pkrvmq0rgcvqdmg.TestNG-test-Functional Tests-1(20)"},{"name":"framework","value":"testng"},{"name":"language","value":"java"},{"name":"story","value":"Search Section"},{"name":"feature","value":"Other Home Page Tests"},{"name":"epic","value":"Home Page"},{"name":"resultFormat","value":"allure2"}],"parameters":[],"links":[],"hidden":false,"retry":false,"extra":{"severity":"normal","retries":[],"categories":[{"name":"Product defects","matchedStatuses":[],"flaky":false}],"tags":[]},"source":"68fad761e688719a.json","parameterValues":[]}