{"uid":"a11ca63d5df1187","name":"Clicking Search Field and then ENTER Key In Search Section Navigate To Search Results Page","fullName":"tests.HomePageOtherSectionsTest.clickingSearchFieldAndEnterKeyInSearchSectionNavigateToSearchResultsPage","historyId":"81fb1d5a1deccf066c04e334004d3515","time":{"start":1752936018767,"stop":1752936019251,"duration":484},"description":"Verify that clicking Search Field and then ENTER Key In Search Section Navigate To Search Results Page","descriptionHtml":"<p>Verify that clicking Search Field and then ENTER Key In Search Section Navigate To Search Results Page</p>\n","status":"failed","statusMessage":"expected [https://3snet.co/?s=] but found [https://3snet.co/]","statusTrace":"java.lang.AssertionError: expected [https://3snet.co/?s=] but found [https://3snet.co/]\n\tat org.testng.Assert.fail(Assert.java:111)\n\tat org.testng.Assert.failNotEquals(Assert.java:1578)\n\tat org.testng.Assert.assertEqualsImpl(Assert.java:150)\n\tat org.testng.Assert.assertEquals(Assert.java:132)\n\tat org.testng.Assert.assertEquals(Assert.java:656)\n\tat org.testng.Assert.assertEquals(Assert.java:666)\n\tat pages.SearchResultsPage.verifySearchResultsPageIsOpen(SearchResultsPage.java:19)\n\tat tests.HomePageOtherSectionsTest.clickingSearchFieldAndEnterKeyInSearchSectionNavigateToSearchResultsPage(HomePageOtherSectionsTest.java:112)\n\tat java.base/jdk.internal.reflect.NativeMethodAccessorImpl.invoke0(Native Method)\n\tat java.base/jdk.internal.reflect.NativeMethodAccessorImpl.invoke(NativeMethodAccessorImpl.java:77)\n\tat java.base/jdk.internal.reflect.DelegatingMethodAccessorImpl.invoke(DelegatingMethodAccessorImpl.java:43)\n\tat java.base/java.lang.reflect.Method.invoke(Method.java:569)\n\tat org.testng.internal.invokers.MethodInvocationHelper.invokeMethod(MethodInvocationHelper.java:139)\n\tat org.testng.internal.invokers.TestInvoker.invokeMethod(TestInvoker.java:664)\n\tat org.testng.internal.invokers.TestInvoker.invokeTestMethod(TestInvoker.java:228)\n\tat org.testng.internal.invokers.MethodRunner.runInSequence(MethodRunner.java:63)\n\tat org.testng.internal.invokers.TestInvoker$MethodInvocationAgent.invoke(TestInvoker.java:961)\n\tat org.testng.internal.invokers.TestInvoker.invokeTestMethods(TestInvoker.java:201)\n\tat org.testng.internal.invokers.TestMethodWorker.invokeTestMethods(TestMethodWorker.java:148)\n\tat org.testng.internal.invokers.TestMethodWorker.run(TestMethodWorker.java:128)\n\tat java.base/java.util.concurrent.Executors$RunnableAdapter.call(Executors.java:539)\n\tat java.base/java.util.concurrent.FutureTask.run(FutureTask.java:264)\n\tat org.testng.internal.thread.graph.TestNGFutureTask.run(TestNGFutureTask.java:22)\n\tat java.base/java.util.concurrent.ThreadPoolExecutor.runWorker(ThreadPoolExecutor.java:1136)\n\tat java.base/java.util.concurrent.ThreadPoolExecutor$Worker.run(ThreadPoolExecutor.java:635)\n\tat java.base/java.lang.Thread.run(Thread.java:840)\n","flaky":false,"newFailed":false,"newBroken":false,"newPassed":false,"retriesCount":0,"retriesStatusChange":false,"beforeStages":[{"name":"setUp","time":{"start":1752936015633,"stop":1752936018765,"duration":3132},"description":"","status":"passed","steps":[],"attachments":[],"parameters":[],"shouldDisplayMessage":false,"stepsCount":0,"attachmentsCount":0,"hasContent":false}],"testStage":{"description":"Verify that clicking Search Field and then ENTER Key In Search Section Navigate To Search Results Page","status":"failed","statusMessage":"expected [https://3snet.co/?s=] but found [https://3snet.co/]","statusTrace":"java.lang.AssertionError: expected [https://3snet.co/?s=] but found [https://3snet.co/]\n\tat org.testng.Assert.fail(Assert.java:111)\n\tat org.testng.Assert.failNotEquals(Assert.java:1578)\n\tat org.testng.Assert.assertEqualsImpl(Assert.java:150)\n\tat org.testng.Assert.assertEquals(Assert.java:132)\n\tat org.testng.Assert.assertEquals(Assert.java:656)\n\tat org.testng.Assert.assertEquals(Assert.java:666)\n\tat pages.SearchResultsPage.verifySearchResultsPageIsOpen(SearchResultsPage.java:19)\n\tat tests.HomePageOtherSectionsTest.clickingSearchFieldAndEnterKeyInSearchSectionNavigateToSearchResultsPage(HomePageOtherSectionsTest.java:112)\n\tat java.base/jdk.internal.reflect.NativeMethodAccessorImpl.invoke0(Native Method)\n\tat java.base/jdk.internal.reflect.NativeMethodAccessorImpl.invoke(NativeMethodAccessorImpl.java:77)\n\tat java.base/jdk.internal.reflect.DelegatingMethodAccessorImpl.invoke(DelegatingMethodAccessorImpl.java:43)\n\tat java.base/java.lang.reflect.Method.invoke(Method.java:569)\n\tat org.testng.internal.invokers.MethodInvocationHelper.invokeMethod(MethodInvocationHelper.java:139)\n\tat org.testng.internal.invokers.TestInvoker.invokeMethod(TestInvoker.java:664)\n\tat org.testng.internal.invokers.TestInvoker.invokeTestMethod(TestInvoker.java:228)\n\tat org.testng.internal.invokers.MethodRunner.runInSequence(MethodRunner.java:63)\n\tat org.testng.internal.invokers.TestInvoker$MethodInvocationAgent.invoke(TestInvoker.java:961)\n\tat org.testng.internal.invokers.TestInvoker.invokeTestMethods(TestInvoker.java:201)\n\tat org.testng.internal.invokers.TestMethodWorker.invokeTestMethods(TestMethodWorker.java:148)\n\tat org.testng.internal.invokers.TestMethodWorker.run(TestMethodWorker.java:128)\n\tat java.base/java.util.concurrent.Executors$RunnableAdapter.call(Executors.java:539)\n\tat java.base/java.util.concurrent.FutureTask.run(FutureTask.java:264)\n\tat org.testng.internal.thread.graph.TestNGFutureTask.run(TestNGFutureTask.java:22)\n\tat java.base/java.util.concurrent.ThreadPoolExecutor.runWorker(ThreadPoolExecutor.java:1136)\n\tat java.base/java.util.concurrent.ThreadPoolExecutor$Worker.run(ThreadPoolExecutor.java:635)\n\tat java.base/java.lang.Thread.run(Thread.java:840)\n","steps":[{"name":"Click Input Field in Search Section","time":{"start":1752936018768,"stop":1752936019084,"duration":316},"status":"passed","steps":[],"attachments":[],"parameters":[],"shouldDisplayMessage":false,"stepsCount":0,"attachmentsCount":0,"hasContent":false},{"name":"Press Enter Key While Focused On Input Field In Search Section","time":{"start":1752936019084,"stop":1752936019246,"duration":162},"status":"passed","steps":[],"attachments":[],"parameters":[],"shouldDisplayMessage":false,"stepsCount":0,"attachmentsCount":0,"hasContent":false}],"attachments":[],"parameters":[],"shouldDisplayMessage":true,"stepsCount":2,"attachmentsCount":0,"hasContent":true},"afterStages":[{"name":"tearDown","time":{"start":1752936019251,"stop":1752936020874,"duration":1623},"description":"","status":"passed","steps":[],"attachments":[{"uid":"9430b4338be9c854","name":"Screenshot on Failure","source":"9430b4338be9c854.png","type":"image/png","size":1026994}],"parameters":[],"shouldDisplayMessage":false,"stepsCount":0,"attachmentsCount":1,"hasContent":true}],"labels":[{"name":"package","value":"tests.HomePageOtherSectionsTest"},{"name":"testClass","value":"tests.HomePageOtherSectionsTest"},{"name":"testMethod","value":"clickingSearchFieldAndEnterKeyInSearchSectionNavigateToSearchResultsPage"},{"name":"parentSuite","value":"SequentialSuite"},{"name":"suite","value":"Functional Tests"},{"name":"subSuite","value":"tests.HomePageOtherSectionsTest"},{"name":"host","value":"pkrvmq0rgcvqdmg"},{"name":"thread","value":"2246@pkrvmq0rgcvqdmg.TestNG-test-Functional Tests-1(20)"},{"name":"framework","value":"testng"},{"name":"language","value":"java"},{"name":"story","value":"Search Section"},{"name":"feature","value":"Other Home Page Tests"},{"name":"epic","value":"Home Page"},{"name":"resultFormat","value":"allure2"}],"parameters":[],"links":[],"hidden":false,"retry":false,"extra":{"severity":"normal","retries":[],"categories":[{"name":"Product defects","matchedStatuses":[],"flaky":false}],"tags":[]},"source":"a11ca63d5df1187.json","parameterValues":[]}